*** Installation started 2013/03/15 18:30 ***
Source: C:\Users\Krzd\Downloads\CherryPy-3.2.2.win32.exe
040 Reg DB Value: [Software\Microsoft\Windows\CurrentVersion\Uninstall\CherryPy-py3.3]DisplayName=Python 3.3 CherryPy-3.2.2
040 Reg DB Value: [Software\Microsoft\Windows\CurrentVersion\Uninstall\CherryPy-py3.3]UninstallString="C:\Python33\RemoveCherryPy.exe" -u "C:\Python33\CherryPy-wininst.log"
100 Made Dir: C:\Python33\Lib\site-packages\cherrypy
200 File Copy: C:\Python33\Lib\site-packages\cherrypy\cherryd
200 File Copy: C:\Python33\Lib\site-packages\cherrypy\favicon.ico
200 File Copy: C:\Python33\Lib\site-packages\cherrypy\LICENSE.txt
200 File Copy: C:\Python33\Lib\site-packages\cherrypy\_cpchecker.py
200 File Copy: C:\Python33\Lib\site-packages\cherrypy\_cpcompat.py
200 File Copy: C:\Python33\Lib\site-packages\cherrypy\_cpconfig.py
200 File Copy: C:\Python33\Lib\site-packages\cherrypy\_cpdispatch.py
200 File Copy: C:\Python33\Lib\site-packages\cherrypy\_cperror.py
200 File Copy: C:\Python33\Lib\site-packages\cherrypy\_cplogging.py
200 File Copy: C:\Python33\Lib\site-packages\cherrypy\_cpmodpy.py
200 File Copy: C:\Python33\Lib\site-packages\cherrypy\_cpnative_server.py
200 File Copy: C:\Python33\Lib\site-packages\cherrypy\_cpreqbody.py
200 File Copy: C:\Python33\Lib\site-packages\cherrypy\_cprequest.py
200 File Copy: C:\Python33\Lib\site-packages\cherrypy\_cpserver.py
200 File Copy: C:\Python33\Lib\site-packages\cherrypy\_cpthreadinglocal.py
200 File Copy: C:\Python33\Lib\site-packages\cherrypy\_cptools.py
200 File Copy: C:\Python33\Lib\site-packages\cherrypy\_cptree.py
200 File Copy: C:\Python33\Lib\site-packages\cherrypy\_cpwsgi.py
200 File Copy: C:\Python33\Lib\site-packages\cherrypy\_cpwsgi_server.py
200 File Copy: C:\Python33\Lib\site-packages\cherrypy\__init__.py
100 Made Dir: C:\Python33\Lib\site-packages\cherrypy\lib
200 File Copy: C:\Python33\Lib\site-packages\cherrypy\lib\auth.py
200 File Copy: C:\Python33\Lib\site-packages\cherrypy\lib\auth_basic.py
200 File Copy: C:\Python33\Lib\site-packages\cherrypy\lib\auth_digest.py
200 File Copy: C:\Python33\Lib\site-packages\cherrypy\lib\caching.py
200 File Copy: C:\Python33\Lib\site-packages\cherrypy\lib\covercp.py
200 File Copy: C:\Python33\Lib\site-packages\cherrypy\lib\cpstats.py
200 File Copy: C:\Python33\Lib\site-packages\cherrypy\lib\cptools.py
200 File Copy: C:\Python33\Lib\site-packages\cherrypy\lib\encoding.py
200 File Copy: C:\Python33\Lib\site-packages\cherrypy\lib\gctools.py
200 File Copy: C:\Python33\Lib\site-packages\cherrypy\lib\http.py
200 File Copy: C:\Python33\Lib\site-packages\cherrypy\lib\httpauth.py
200 File Copy: C:\Python33\Lib\site-packages\cherrypy\lib\httputil.py
200 File Copy: C:\Python33\Lib\site-packages\cherrypy\lib\jsontools.py
200 File Copy: C:\Python33\Lib\site-packages\cherrypy\lib\profiler.py
200 File Copy: C:\Python33\Lib\site-packages\cherrypy\lib\reprconf.py
200 File Copy: C:\Python33\Lib\site-packages\cherrypy\lib\sessions.py
200 File Copy: C:\Python33\Lib\site-packages\cherrypy\lib\static.py
200 File Copy: C:\Python33\Lib\site-packages\cherrypy\lib\xmlrpcutil.py
200 File Copy: C:\Python33\Lib\site-packages\cherrypy\lib\__init__.py
100 Made Dir: C:\Python33\Lib\site-packages\cherrypy\process
200 File Copy: C:\Python33\Lib\site-packages\cherrypy\process\plugins.py
200 File Copy: C:\Python33\Lib\site-packages\cherrypy\process\servers.py
200 File Copy: C:\Python33\Lib\site-packages\cherrypy\process\win32.py
200 File Copy: C:\Python33\Lib\site-packages\cherrypy\process\wspbus.py
200 File Copy: C:\Python33\Lib\site-packages\cherrypy\process\__init__.py
100 Made Dir: C:\Python33\Lib\site-packages\cherrypy\scaffold
200 File Copy: C:\Python33\Lib\site-packages\cherrypy\scaffold\example.conf
200 File Copy: C:\Python33\Lib\site-packages\cherrypy\scaffold\site.conf
200 File Copy: C:\Python33\Lib\site-packages\cherrypy\scaffold\__init__.py
100 Made Dir: C:\Python33\Lib\site-packages\cherrypy\scaffold\static
200 File Copy: C:\Python33\Lib\site-packages\cherrypy\scaffold\static\made_with_cherrypy_small.png
100 Made Dir: C:\Python33\Lib\site-packages\cherrypy\test
200 File Copy: C:\Python33\Lib\site-packages\cherrypy\test\benchmark.py
200 File Copy: C:\Python33\Lib\site-packages\cherrypy\test\checkerdemo.py
200 File Copy: C:\Python33\Lib\site-packages\cherrypy\test\helper.py
200 File Copy: C:\Python33\Lib\site-packages\cherrypy\test\logtest.py
200 File Copy: C:\Python33\Lib\site-packages\cherrypy\test\modfastcgi.py
200 File Copy: C:\Python33\Lib\site-packages\cherrypy\test\modfcgid.py
200 File Copy: C:\Python33\Lib\site-packages\cherrypy\test\modpy.py
200 File Copy: C:\Python33\Lib\site-packages\cherrypy\test\modwsgi.py
200 File Copy: C:\Python33\Lib\site-packages\cherrypy\test\sessiondemo.py
200 File Copy: C:\Python33\Lib\site-packages\cherrypy\test\style.css
200 File Copy: C:\Python33\Lib\site-packages\cherrypy\test\test.pem
200 File Copy: C:\Python33\Lib\site-packages\cherrypy\test\test_auth_basic.py
200 File Copy: C:\Python33\Lib\site-packages\cherrypy\test\test_auth_digest.py
200 File Copy: C:\Python33\Lib\site-packages\cherrypy\test\test_bus.py
200 File Copy: C:\Python33\Lib\site-packages\cherrypy\test\test_caching.py
200 File Copy: C:\Python33\Lib\site-packages\cherrypy\test\test_config.py
200 File Copy: C:\Python33\Lib\site-packages\cherrypy\test\test_config_server.py
200 File Copy: C:\Python33\Lib\site-packages\cherrypy\test\test_conn.py
200 File Copy: C:\Python33\Lib\site-packages\cherrypy\test\test_core.py
200 File Copy: C:\Python33\Lib\site-packages\cherrypy\test\test_dynamicobjectmapping.py
200 File Copy: C:\Python33\Lib\site-packages\cherrypy\test\test_encoding.py
200 File Copy: C:\Python33\Lib\site-packages\cherrypy\test\test_etags.py
200 File Copy: C:\Python33\Lib\site-packages\cherrypy\test\test_http.py
200 File Copy: C:\Python33\Lib\site-packages\cherrypy\test\test_httpauth.py
200 File Copy: C:\Python33\Lib\site-packages\cherrypy\test\test_httplib.py
200 File Copy: C:\Python33\Lib\site-packages\cherrypy\test\test_json.py
200 File Copy: C:\Python33\Lib\site-packages\cherrypy\test\test_logging.py
200 File Copy: C:\Python33\Lib\site-packages\cherrypy\test\test_mime.py
200 File Copy: C:\Python33\Lib\site-packages\cherrypy\test\test_misc_tools.py
200 File Copy: C:\Python33\Lib\site-packages\cherrypy\test\test_objectmapping.py
200 File Copy: C:\Python33\Lib\site-packages\cherrypy\test\test_proxy.py
200 File Copy: C:\Python33\Lib\site-packages\cherrypy\test\test_refleaks.py
200 File Copy: C:\Python33\Lib\site-packages\cherrypy\test\test_request_obj.py
200 File Copy: C:\Python33\Lib\site-packages\cherrypy\test\test_routes.py
200 File Copy: C:\Python33\Lib\site-packages\cherrypy\test\test_session.py
200 File Copy: C:\Python33\Lib\site-packages\cherrypy\test\test_sessionauthenticate.py
200 File Copy: C:\Python33\Lib\site-packages\cherrypy\test\test_states.py
200 File Copy: C:\Python33\Lib\site-packages\cherrypy\test\test_static.py
200 File Copy: C:\Python33\Lib\site-packages\cherrypy\test\test_tools.py
200 File Copy: C:\Python33\Lib\site-packages\cherrypy\test\test_tutorials.py
200 File Copy: C:\Python33\Lib\site-packages\cherrypy\test\test_virtualhost.py
200 File Copy: C:\Python33\Lib\site-packages\cherrypy\test\test_wsgiapps.py
200 File Copy: C:\Python33\Lib\site-packages\cherrypy\test\test_wsgi_ns.py
200 File Copy: C:\Python33\Lib\site-packages\cherrypy\test\test_wsgi_vhost.py
200 File Copy: C:\Python33\Lib\site-packages\cherrypy\test\test_xmlrpc.py
200 File Copy: C:\Python33\Lib\site-packages\cherrypy\test\webtest.py
200 File Copy: C:\Python33\Lib\site-packages\cherrypy\test\_test_decorators.py
200 File Copy: C:\Python33\Lib\site-packages\cherrypy\test\_test_states_demo.py
200 File Copy: C:\Python33\Lib\site-packages\cherrypy\test\__init__.py
100 Made Dir: C:\Python33\Lib\site-packages\cherrypy\test\static
200 File Copy: C:\Python33\Lib\site-packages\cherrypy\test\static\dirback.jpg
200 File Copy: C:\Python33\Lib\site-packages\cherrypy\test\static\index.html
100 Made Dir: C:\Python33\Lib\site-packages\cherrypy\tutorial
200 File Copy: C:\Python33\Lib\site-packages\cherrypy\tutorial\bonus-sqlobject.py
200 File Copy: C:\Python33\Lib\site-packages\cherrypy\tutorial\custom_error.html
200 File Copy: C:\Python33\Lib\site-packages\cherrypy\tutorial\pdf_file.pdf
200 File Copy: C:\Python33\Lib\site-packages\cherrypy\tutorial\README.txt
200 File Copy: C:\Python33\Lib\site-packages\cherrypy\tutorial\tut01_helloworld.py
200 File Copy: C:\Python33\Lib\site-packages\cherrypy\tutorial\tut02_expose_methods.py
200 File Copy: C:\Python33\Lib\site-packages\cherrypy\tutorial\tut03_get_and_post.py
200 File Copy: C:\Python33\Lib\site-packages\cherrypy\tutorial\tut04_complex_site.py
200 File Copy: C:\Python33\Lib\site-packages\cherrypy\tutorial\tut05_derived_objects.py
200 File Copy: C:\Python33\Lib\site-packages\cherrypy\tutorial\tut06_default_method.py
200 File Copy: C:\Python33\Lib\site-packages\cherrypy\tutorial\tut07_sessions.py
200 File Copy: C:\Python33\Lib\site-packages\cherrypy\tutorial\tut08_generators_and_yield.py
200 File Copy: C:\Python33\Lib\site-packages\cherrypy\tutorial\tut09_files.py
200 File Copy: C:\Python33\Lib\site-packages\cherrypy\tutorial\tut10_http_errors.py
200 File Copy: C:\Python33\Lib\site-packages\cherrypy\tutorial\tutorial.conf
200 File Copy: C:\Python33\Lib\site-packages\cherrypy\tutorial\__init__.py
100 Made Dir: C:\Python33\Lib\site-packages\cherrypy\wsgiserver
200 File Copy: C:\Python33\Lib\site-packages\cherrypy\wsgiserver\ssl_builtin.py
200 File Copy: C:\Python33\Lib\site-packages\cherrypy\wsgiserver\ssl_pyopenssl.py
200 File Copy: C:\Python33\Lib\site-packages\cherrypy\wsgiserver\wsgiserver2.py
200 File Copy: C:\Python33\Lib\site-packages\cherrypy\wsgiserver\__init__.py
100 Made Dir: C:\Python33\Scripts
200 File Copy: C:\Python33\Scripts\cherryd
200 File Copy: C:\Python33\Lib\site-packages\cherrypy\wsgiserver\__init__.pyc
200 File Copy: C:\Python33\Lib\site-packages\cherrypy\wsgiserver\wsgiserver2.pyc
200 File Copy: C:\Python33\Lib\site-packages\cherrypy\wsgiserver\ssl_pyopenssl.pyc
200 File Copy: C:\Python33\Lib\site-packages\cherrypy\wsgiserver\ssl_builtin.pyc
200 File Copy: C:\Python33\Lib\site-packages\cherrypy\tutorial\__init__.pyc
200 File Copy: C:\Python33\Lib\site-packages\cherrypy\tutorial\tut10_http_errors.pyc
200 File Copy: C:\Python33\Lib\site-packages\cherrypy\tutorial\tut09_files.pyc
200 File Copy: C:\Python33\Lib\site-packages\cherrypy\tutorial\tut08_generators_and_yield.pyc
200 File Copy: C:\Python33\Lib\site-packages\cherrypy\tutorial\tut07_sessions.pyc
200 File Copy: C:\Python33\Lib\site-packages\cherrypy\tutorial\tut06_default_method.pyc
200 File Copy: C:\Python33\Lib\site-packages\cherrypy\tutorial\tut05_derived_objects.pyc
200 File Copy: C:\Python33\Lib\site-packages\cherrypy\tutorial\tut04_complex_site.pyc
200 File Copy: C:\Python33\Lib\site-packages\cherrypy\tutorial\tut03_get_and_post.pyc
200 File Copy: C:\Python33\Lib\site-packages\cherrypy\tutorial\tut02_expose_methods.pyc
200 File Copy: C:\Python33\Lib\site-packages\cherrypy\tutorial\tut01_helloworld.pyc
200 File Copy: C:\Python33\Lib\site-packages\cherrypy\tutorial\bonus-sqlobject.pyc
200 File Copy: C:\Python33\Lib\site-packages\cherrypy\test\__init__.pyc
200 File Copy: C:\Python33\Lib\site-packages\cherrypy\test\_test_states_demo.pyc
200 File Copy: C:\Python33\Lib\site-packages\cherrypy\test\_test_decorators.pyc
200 File Copy: C:\Python33\Lib\site-packages\cherrypy\test\webtest.pyc
200 File Copy: C:\Python33\Lib\site-packages\cherrypy\test\test_xmlrpc.pyc
200 File Copy: C:\Python33\Lib\site-packages\cherrypy\test\test_wsgi_vhost.pyc
200 File Copy: C:\Python33\Lib\site-packages\cherrypy\test\test_wsgi_ns.pyc
200 File Copy: C:\Python33\Lib\site-packages\cherrypy\test\test_wsgiapps.pyc
200 File Copy: C:\Python33\Lib\site-packages\cherrypy\test\test_virtualhost.pyc
200 File Copy: C:\Python33\Lib\site-packages\cherrypy\test\test_tutorials.pyc
200 File Copy: C:\Python33\Lib\site-packages\cherrypy\test\test_tools.pyc
200 File Copy: C:\Python33\Lib\site-packages\cherrypy\test\test_static.pyc
200 File Copy: C:\Python33\Lib\site-packages\cherrypy\test\test_states.pyc
200 File Copy: C:\Python33\Lib\site-packages\cherrypy\test\test_sessionauthenticate.pyc
200 File Copy: C:\Python33\Lib\site-packages\cherrypy\test\test_session.pyc
200 File Copy: C:\Python33\Lib\site-packages\cherrypy\test\test_routes.pyc
200 File Copy: C:\Python33\Lib\site-packages\cherrypy\test\test_request_obj.pyc
200 File Copy: C:\Python33\Lib\site-packages\cherrypy\test\test_refleaks.pyc
200 File Copy: C:\Python33\Lib\site-packages\cherrypy\test\test_proxy.pyc
200 File Copy: C:\Python33\Lib\site-packages\cherrypy\test\test_objectmapping.pyc
200 File Copy: C:\Python33\Lib\site-packages\cherrypy\test\test_misc_tools.pyc
200 File Copy: C:\Python33\Lib\site-packages\cherrypy\test\test_mime.pyc
200 File Copy: C:\Python33\Lib\site-packages\cherrypy\test\test_logging.pyc
200 File Copy: C:\Python33\Lib\site-packages\cherrypy\test\test_json.pyc
200 File Copy: C:\Python33\Lib\site-packages\cherrypy\test\test_httplib.pyc
200 File Copy: C:\Python33\Lib\site-packages\cherrypy\test\test_httpauth.pyc
200 File Copy: C:\Python33\Lib\site-packages\cherrypy\test\test_http.pyc
200 File Copy: C:\Python33\Lib\site-packages\cherrypy\test\test_etags.pyc
200 File Copy: C:\Python33\Lib\site-packages\cherrypy\test\test_encoding.pyc
200 File Copy: C:\Python33\Lib\site-packages\cherrypy\test\test_dynamicobjectmapping.pyc
200 File Copy: C:\Python33\Lib\site-packages\cherrypy\test\test_core.pyc
200 File Copy: C:\Python33\Lib\site-packages\cherrypy\test\test_conn.pyc
200 File Copy: C:\Python33\Lib\site-packages\cherrypy\test\test_config_server.pyc
200 File Copy: C:\Python33\Lib\site-packages\cherrypy\test\test_config.pyc
200 File Copy: C:\Python33\Lib\site-packages\cherrypy\test\test_caching.pyc
200 File Copy: C:\Python33\Lib\site-packages\cherrypy\test\test_bus.pyc
200 File Copy: C:\Python33\Lib\site-packages\cherrypy\test\test_auth_digest.pyc
200 File Copy: C:\Python33\Lib\site-packages\cherrypy\test\test_auth_basic.pyc
200 File Copy: C:\Python33\Lib\site-packages\cherrypy\test\sessiondemo.pyc
200 File Copy: C:\Python33\Lib\site-packages\cherrypy\test\modwsgi.pyc
200 File Copy: C:\Python33\Lib\site-packages\cherrypy\test\modpy.pyc
200 File Copy: C:\Python33\Lib\site-packages\cherrypy\test\modfcgid.pyc
200 File Copy: C:\Python33\Lib\site-packages\cherrypy\test\modfastcgi.pyc
200 File Copy: C:\Python33\Lib\site-packages\cherrypy\test\logtest.pyc
200 File Copy: C:\Python33\Lib\site-packages\cherrypy\test\helper.pyc
200 File Copy: C:\Python33\Lib\site-packages\cherrypy\test\checkerdemo.pyc
200 File Copy: C:\Python33\Lib\site-packages\cherrypy\test\benchmark.pyc
200 File Copy: C:\Python33\Lib\site-packages\cherrypy\scaffold\__init__.pyc
200 File Copy: C:\Python33\Lib\site-packages\cherrypy\process\__init__.pyc
200 File Copy: C:\Python33\Lib\site-packages\cherrypy\process\wspbus.pyc
200 File Copy: C:\Python33\Lib\site-packages\cherrypy\process\win32.pyc
200 File Copy: C:\Python33\Lib\site-packages\cherrypy\process\servers.pyc
200 File Copy: C:\Python33\Lib\site-packages\cherrypy\process\plugins.pyc
200 File Copy: C:\Python33\Lib\site-packages\cherrypy\lib\__init__.pyc
200 File Copy: C:\Python33\Lib\site-packages\cherrypy\lib\xmlrpcutil.pyc
200 File Copy: C:\Python33\Lib\site-packages\cherrypy\lib\static.pyc
200 File Copy: C:\Python33\Lib\site-packages\cherrypy\lib\sessions.pyc
200 File Copy: C:\Python33\Lib\site-packages\cherrypy\lib\reprconf.pyc
200 File Copy: C:\Python33\Lib\site-packages\cherrypy\lib\profiler.pyc
200 File Copy: C:\Python33\Lib\site-packages\cherrypy\lib\jsontools.pyc
200 File Copy: C:\Python33\Lib\site-packages\cherrypy\lib\httputil.pyc
200 File Copy: C:\Python33\Lib\site-packages\cherrypy\lib\httpauth.pyc
200 File Copy: C:\Python33\Lib\site-packages\cherrypy\lib\http.pyc
200 File Copy: C:\Python33\Lib\site-packages\cherrypy\lib\gctools.pyc
200 File Copy: C:\Python33\Lib\site-packages\cherrypy\lib\encoding.pyc
200 File Copy: C:\Python33\Lib\site-packages\cherrypy\lib\cptools.pyc
200 File Copy: C:\Python33\Lib\site-packages\cherrypy\lib\cpstats.pyc
200 File Copy: C:\Python33\Lib\site-packages\cherrypy\lib\covercp.pyc
200 File Copy: C:\Python33\Lib\site-packages\cherrypy\lib\caching.pyc
200 File Copy: C:\Python33\Lib\site-packages\cherrypy\lib\auth_digest.pyc
200 File Copy: C:\Python33\Lib\site-packages\cherrypy\lib\auth_basic.pyc
200 File Copy: C:\Python33\Lib\site-packages\cherrypy\lib\auth.pyc
200 File Copy: C:\Python33\Lib\site-packages\cherrypy\__init__.pyc
200 File Copy: C:\Python33\Lib\site-packages\cherrypy\_cpwsgi_server.pyc
200 File Copy: C:\Python33\Lib\site-packages\cherrypy\_cpwsgi.pyc
200 File Copy: C:\Python33\Lib\site-packages\cherrypy\_cptree.pyc
200 File Copy: C:\Python33\Lib\site-packages\cherrypy\_cptools.pyc
200 File Copy: C:\Python33\Lib\site-packages\cherrypy\_cpthreadinglocal.pyc
200 File Copy: C:\Python33\Lib\site-packages\cherrypy\_cpserver.pyc
200 File Copy: C:\Python33\Lib\site-packages\cherrypy\_cprequest.pyc
200 File Copy: C:\Python33\Lib\site-packages\cherrypy\_cpreqbody.pyc
200 File Copy: C:\Python33\Lib\site-packages\cherrypy\_cpnative_server.pyc
200 File Copy: C:\Python33\Lib\site-packages\cherrypy\_cpmodpy.pyc
200 File Copy: C:\Python33\Lib\site-packages\cherrypy\_cplogging.pyc
200 File Copy: C:\Python33\Lib\site-packages\cherrypy\_cperror.pyc
200 File Copy: C:\Python33\Lib\site-packages\cherrypy\_cpdispatch.pyc
200 File Copy: C:\Python33\Lib\site-packages\cherrypy\_cpconfig.pyc
200 File Copy: C:\Python33\Lib\site-packages\cherrypy\_cpcompat.pyc
200 File Copy: C:\Python33\Lib\site-packages\cherrypy\_cpchecker.pyc
200 File Copy: C:\Python33\Lib\site-packages\cherrypy\wsgiserver\__init__.pyo
200 File Copy: C:\Python33\Lib\site-packages\cherrypy\wsgiserver\wsgiserver2.pyo
200 File Copy: C:\Python33\Lib\site-packages\cherrypy\wsgiserver\ssl_pyopenssl.pyo
200 File Copy: C:\Python33\Lib\site-packages\cherrypy\wsgiserver\ssl_builtin.pyo
200 File Copy: C:\Python33\Lib\site-packages\cherrypy\tutorial\__init__.pyo
200 File Copy: C:\Python33\Lib\site-packages\cherrypy\tutorial\tut10_http_errors.pyo
200 File Copy: C:\Python33\Lib\site-packages\cherrypy\tutorial\tut09_files.pyo
200 File Copy: C:\Python33\Lib\site-packages\cherrypy\tutorial\tut08_generators_and_yield.pyo
200 File Copy: C:\Python33\Lib\site-packages\cherrypy\tutorial\tut07_sessions.pyo
200 File Copy: C:\Python33\Lib\site-packages\cherrypy\tutorial\tut06_default_method.pyo
200 File Copy: C:\Python33\Lib\site-packages\cherrypy\tutorial\tut05_derived_objects.pyo
200 File Copy: C:\Python33\Lib\site-packages\cherrypy\tutorial\tut04_complex_site.pyo
200 File Copy: C:\Python33\Lib\site-packages\cherrypy\tutorial\tut03_get_and_post.pyo
200 File Copy: C:\Python33\Lib\site-packages\cherrypy\tutorial\tut02_expose_methods.pyo
200 File Copy: C:\Python33\Lib\site-packages\cherrypy\tutorial\tut01_helloworld.pyo
200 File Copy: C:\Python33\Lib\site-packages\cherrypy\tutorial\bonus-sqlobject.pyo
200 File Copy: C:\Python33\Lib\site-packages\cherrypy\test\__init__.pyo
200 File Copy: C:\Python33\Lib\site-packages\cherrypy\test\_test_states_demo.pyo
200 File Copy: C:\Python33\Lib\site-packages\cherrypy\test\_test_decorators.pyo
200 File Copy: C:\Python33\Lib\site-packages\cherrypy\test\webtest.pyo
200 File Copy: C:\Python33\Lib\site-packages\cherrypy\test\test_xmlrpc.pyo
200 File Copy: C:\Python33\Lib\site-packages\cherrypy\test\test_wsgi_vhost.pyo
200 File Copy: C:\Python33\Lib\site-packages\cherrypy\test\test_wsgi_ns.pyo
200 File Copy: C:\Python33\Lib\site-packages\cherrypy\test\test_wsgiapps.pyo
200 File Copy: C:\Python33\Lib\site-packages\cherrypy\test\test_virtualhost.pyo
200 File Copy: C:\Python33\Lib\site-packages\cherrypy\test\test_tutorials.pyo
200 File Copy: C:\Python33\Lib\site-packages\cherrypy\test\test_tools.pyo
200 File Copy: C:\Python33\Lib\site-packages\cherrypy\test\test_static.pyo
200 File Copy: C:\Python33\Lib\site-packages\cherrypy\test\test_states.pyo
200 File Copy: C:\Python33\Lib\site-packages\cherrypy\test\test_sessionauthenticate.pyo
200 File Copy: C:\Python33\Lib\site-packages\cherrypy\test\test_session.pyo
200 File Copy: C:\Python33\Lib\site-packages\cherrypy\test\test_routes.pyo
200 File Copy: C:\Python33\Lib\site-packages\cherrypy\test\test_request_obj.pyo
200 File Copy: C:\Python33\Lib\site-packages\cherrypy\test\test_refleaks.pyo
200 File Copy: C:\Python33\Lib\site-packages\cherrypy\test\test_proxy.pyo
200 File Copy: C:\Python33\Lib\site-packages\cherrypy\test\test_objectmapping.pyo
200 File Copy: C:\Python33\Lib\site-packages\cherrypy\test\test_misc_tools.pyo
200 File Copy: C:\Python33\Lib\site-packages\cherrypy\test\test_mime.pyo
200 File Copy: C:\Python33\Lib\site-packages\cherrypy\test\test_logging.pyo
200 File Copy: C:\Python33\Lib\site-packages\cherrypy\test\test_json.pyo
200 File Copy: C:\Python33\Lib\site-packages\cherrypy\test\test_httplib.pyo
200 File Copy: C:\Python33\Lib\site-packages\cherrypy\test\test_httpauth.pyo
200 File Copy: C:\Python33\Lib\site-packages\cherrypy\test\test_http.pyo
200 File Copy: C:\Python33\Lib\site-packages\cherrypy\test\test_etags.pyo
200 File Copy: C:\Python33\Lib\site-packages\cherrypy\test\test_encoding.pyo
200 File Copy: C:\Python33\Lib\site-packages\cherrypy\test\test_dynamicobjectmapping.pyo
200 File Copy: C:\Python33\Lib\site-packages\cherrypy\test\test_core.pyo
200 File Copy: C:\Python33\Lib\site-packages\cherrypy\test\test_conn.pyo
200 File Copy: C:\Python33\Lib\site-packages\cherrypy\test\test_config_server.pyo
200 File Copy: C:\Python33\Lib\site-packages\cherrypy\test\test_config.pyo
200 File Copy: C:\Python33\Lib\site-packages\cherrypy\test\test_caching.pyo
200 File Copy: C:\Python33\Lib\site-packages\cherrypy\test\test_bus.pyo
200 File Copy: C:\Python33\Lib\site-packages\cherrypy\test\test_auth_digest.pyo
200 File Copy: C:\Python33\Lib\site-packages\cherrypy\test\test_auth_basic.pyo
200 File Copy: C:\Python33\Lib\site-packages\cherrypy\test\sessiondemo.pyo
200 File Copy: C:\Python33\Lib\site-packages\cherrypy\test\modwsgi.pyo
200 File Copy: C:\Python33\Lib\site-packages\cherrypy\test\modpy.pyo
200 File Copy: C:\Python33\Lib\site-packages\cherrypy\test\modfcgid.pyo
200 File Copy: C:\Python33\Lib\site-packages\cherrypy\test\modfastcgi.pyo
200 File Copy: C:\Python33\Lib\site-packages\cherrypy\test\logtest.pyo
200 File Copy: C:\Python33\Lib\site-packages\cherrypy\test\helper.pyo
200 File Copy: C:\Python33\Lib\site-packages\cherrypy\test\checkerdemo.pyo
200 File Copy: C:\Python33\Lib\site-packages\cherrypy\test\benchmark.pyo
200 File Copy: C:\Python33\Lib\site-packages\cherrypy\scaffold\__init__.pyo
200 File Copy: C:\Python33\Lib\site-packages\cherrypy\process\__init__.pyo
200 File Copy: C:\Python33\Lib\site-packages\cherrypy\process\wspbus.pyo
200 File Copy: C:\Python33\Lib\site-packages\cherrypy\process\win32.pyo
200 File Copy: C:\Python33\Lib\site-packages\cherrypy\process\servers.pyo
200 File Copy: C:\Python33\Lib\site-packages\cherrypy\process\plugins.pyo
200 File Copy: C:\Python33\Lib\site-packages\cherrypy\lib\__init__.pyo
200 File Copy: C:\Python33\Lib\site-packages\cherrypy\lib\xmlrpcutil.pyo
200 File Copy: C:\Python33\Lib\site-packages\cherrypy\lib\static.pyo
200 File Copy: C:\Python33\Lib\site-packages\cherrypy\lib\sessions.pyo
200 File Copy: C:\Python33\Lib\site-packages\cherrypy\lib\reprconf.pyo
200 File Copy: C:\Python33\Lib\site-packages\cherrypy\lib\profiler.pyo
200 File Copy: C:\Python33\Lib\site-packages\cherrypy\lib\jsontools.pyo
200 File Copy: C:\Python33\Lib\site-packages\cherrypy\lib\httputil.pyo
200 File Copy: C:\Python33\Lib\site-packages\cherrypy\lib\httpauth.pyo
200 File Copy: C:\Python33\Lib\site-packages\cherrypy\lib\http.pyo
200 File Copy: C:\Python33\Lib\site-packages\cherrypy\lib\gctools.pyo
200 File Copy: C:\Python33\Lib\site-packages\cherrypy\lib\encoding.pyo
200 File Copy: C:\Python33\Lib\site-packages\cherrypy\lib\cptools.pyo
200 File Copy: C:\Python33\Lib\site-packages\cherrypy\lib\cpstats.pyo
200 File Copy: C:\Python33\Lib\site-packages\cherrypy\lib\covercp.pyo
200 File Copy: C:\Python33\Lib\site-packages\cherrypy\lib\caching.pyo
200 File Copy: C:\Python33\Lib\site-packages\cherrypy\lib\auth_digest.pyo
200 File Copy: C:\Python33\Lib\site-packages\cherrypy\lib\auth_basic.pyo
200 File Copy: C:\Python33\Lib\site-packages\cherrypy\lib\auth.pyo
200 File Copy: C:\Python33\Lib\site-packages\cherrypy\__init__.pyo
200 File Copy: C:\Python33\Lib\site-packages\cherrypy\_cpwsgi_server.pyo
200 File Copy: C:\Python33\Lib\site-packages\cherrypy\_cpwsgi.pyo
200 File Copy: C:\Python33\Lib\site-packages\cherrypy\_cptree.pyo
200 File Copy: C:\Python33\Lib\site-packages\cherrypy\_cptools.pyo
200 File Copy: C:\Python33\Lib\site-packages\cherrypy\_cpthreadinglocal.pyo
200 File Copy: C:\Python33\Lib\site-packages\cherrypy\_cpserver.pyo
200 File Copy: C:\Python33\Lib\site-packages\cherrypy\_cprequest.pyo
200 File Copy: C:\Python33\Lib\site-packages\cherrypy\_cpreqbody.pyo
200 File Copy: C:\Python33\Lib\site-packages\cherrypy\_cpnative_server.pyo
200 File Copy: C:\Python33\Lib\site-packages\cherrypy\_cpmodpy.pyo
200 File Copy: C:\Python33\Lib\site-packages\cherrypy\_cplogging.pyo
200 File Copy: C:\Python33\Lib\site-packages\cherrypy\_cperror.pyo
200 File Copy: C:\Python33\Lib\site-packages\cherrypy\_cpdispatch.pyo
200 File Copy: C:\Python33\Lib\site-packages\cherrypy\_cpconfig.pyo
200 File Copy: C:\Python33\Lib\site-packages\cherrypy\_cpcompat.pyo
200 File Copy: C:\Python33\Lib\site-packages\cherrypy\_cpchecker.pyo
